{"title": "Ar:هيتاتاره", "talk_title": "Talk:Ar:هيتاتاره", "status": "error_page_access", "error": "'pages'", "ts_utc": "2026-03-17T06:28:46Z"}
{"title": "Da:Hjælp:Henvisninger til andre sprog", "talk_title": "Talk:Da:Hjælp:Henvisninger til andre sprog", "status": "error_page_access", "error": "'pages'", "ts_utc": "2026-03-17T06:28:46Z"}
{"title": "Da:Tårn", "talk_title": "Talk:Da:Tårn", "status": "error_page_access", "error": "'pages'", "ts_utc": "2026-03-17T06:28:47Z"}
{"title": "Kimitake Watanabe", "talk_title": "Talk:Kimitake Watanabe", "status": "edited", "sources": "no qid-linked ja/en/simple source", "ts_utc": "2026-03-17T06:28:48Z"}
{"title": "La:Categoria:Camerae", "talk_title": "Talk:La:Categoria:Camerae", "status": "error_page_access", "error": "'pages'", "ts_utc": "2026-03-17T06:28:50Z"}
{"title": "QuickStatements/P11250", "talk_title": "Talk:QuickStatements/P11250", "status": "edited", "sources": "no qid-linked ja/en/simple source", "ts_utc": "2026-03-17T06:28:53Z"}
{"title": "Shineidō （神衞道）", "talk_title": "Talk:Shineidō （神衞道）", "status": "edited", "sources": "no qid-linked ja/en/simple source", "ts_utc": "2026-03-17T06:28:56Z"}
{"title": "Template:Sticky header/styles.css", "talk_title": "Template talk:Sticky header/styles.css", "status": "edited", "sources": "no qid-linked ja/en/simple source", "ts_utc": "2026-03-17T06:29:00Z"}
{"title": "Template:TOC left/styles.css", "talk_title": "Template talk:TOC left/styles.css", "status": "edited", "sources": "no qid-linked ja/en/simple source", "ts_utc": "2026-03-17T06:29:03Z"}
{"title": "Template:Web colors", "talk_title": "Template talk:Web colors", "status": "edited", "sources": "no qid-linked ja/en/simple source", "ts_utc": "2026-03-17T06:29:06Z"}
{"title": "Template:Web colors/table", "talk_title": "Template talk:Web colors/table", "status": "edited", "sources": "no qid-linked ja/en/simple source", "ts_utc": "2026-03-17T06:29:08Z"}
{"title": "Category:AfC submissions with a potentially renamed submitter", "talk_title": "Category talk:AfC submissions with a potentially renamed submitter", "status": "edited", "sources": "no qid-linked ja/en/simple source", "ts_utc": "2026-03-17T06:29:12Z"}
{"title": "Category:AfC submissions with the same name as existing articles", "talk_title": "Category talk:AfC submissions with the same name as existing articles", "status": "edited", "sources": "no qid-linked ja/en/simple source", "ts_utc": "2026-03-17T06:29:14Z"}
{"title": "Category:Asia location map modules", "talk_title": "Category talk:Asia location map modules", "status": "edited", "sources": "no qid-linked ja/en/simple source", "ts_utc": "2026-03-17T06:29:17Z"}
{"title": "Category:Autotranslated templates", "talk_title": "Category talk:Autotranslated templates", "status": "edited", "sources": "no qid-linked ja/en/simple source", "ts_utc": "2026-03-17T06:29:20Z"}
{"title": "Category:Category series navigation using unknown parameter", "talk_title": "Category talk:Category series navigation using unknown parameter", "status": "edited", "sources": "no qid-linked ja/en/simple source", "ts_utc": "2026-03-17T06:29:23Z"}
{"title": "Category:Chronology category templates", "talk_title": "Category talk:Chronology category templates", "status": "edited", "sources": "no qid-linked ja/en/simple source", "ts_utc": "2026-03-17T06:29:25Z"}
{"title": "Category:Citation Style 1 specific-source templates", "talk_title": "Category talk:Citation Style 1 specific-source templates", "status": "edited", "sources": "no qid-linked ja/en/simple source", "ts_utc": "2026-03-17T06:29:28Z"}
{"title": "Category:Ill-formatted IPAc-cmn transclusions", "talk_title": "Category talk:Ill-formatted IPAc-cmn transclusions", "status": "edited", "sources": "no qid-linked ja/en/simple source", "ts_utc": "2026-03-17T06:29:31Z"}
{"title": "Category:Ill-formatted IPAc-ja transclusions", "talk_title": "Category talk:Ill-formatted IPAc-ja transclusions", "status": "edited", "sources": "no qid-linked ja/en/simple source", "ts_utc": "2026-03-17T06:29:34Z"}
{"title": "Category:Ill-formatted IPAc-yue transclusions", "talk_title": "Category talk:Ill-formatted IPAc-yue transclusions", "status": "edited", "sources": "no qid-linked ja/en/simple source", "ts_utc": "2026-03-17T06:29:36Z"}
{"title": "Category:Japan region location map modules", "talk_title": "Category talk:Japan region location map modules", "status": "edited", "sources": "no qid-linked ja/en/simple source", "ts_utc": "2026-03-17T06:29:39Z"}
{"title": "Category:Pages linking to missing files", "talk_title": "Category talk:Pages linking to missing files", "status": "edited", "sources": "no qid-linked ja/en/simple source", "ts_utc": "2026-03-17T06:29:42Z"}
{"title": "Category:Pages screwed up by automated editing", "talk_title": "Category talk:Pages screwed up by automated editing", "status": "edited", "sources": "no qid-linked ja/en/simple source", "ts_utc": "2026-03-17T06:29:45Z"}
{"title": "Category:Pages using Birth-date and age with unknown parameters", "talk_title": "Category talk:Pages using Birth-date and age with unknown parameters", "status": "edited", "sources": "no qid-linked ja/en/simple source", "ts_utc": "2026-03-17T06:29:48Z"}
{"title": "Category:Pages using as of template with unknown parameters", "talk_title": "Category talk:Pages using as of template with unknown parameters", "status": "edited", "sources": "no qid-linked ja/en/simple source", "ts_utc": "2026-03-17T06:29:50Z"}
{"title": "Category:Pages using birth year and age template with unknown parameters", "talk_title": "Category talk:Pages using birth year and age template with unknown parameters", "status": "edited", "sources": "no qid-linked ja/en/simple source", "ts_utc": "2026-03-17T06:29:53Z"}
{"title": "Category:Pages using center with no arguments", "talk_title": "Category talk:Pages using center with no arguments", "status": "edited", "sources": "no qid-linked ja/en/simple source", "ts_utc": "2026-03-17T06:29:56Z"}
{"title": "Category:Pages without wikidata", "talk_title": "Category talk:Pages without wikidata", "status": "edited", "sources": "no qid-linked ja/en/simple source", "ts_utc": "2026-03-17T06:29:58Z"}
{"title": "Category:Pending AfC submissions", "talk_title": "Category talk:Pending AfC submissions", "status": "edited", "sources": "no qid-linked ja/en/simple source", "ts_utc": "2026-03-17T06:30:01Z"}
{"title": "Category:Pending AfC submissions in userspace", "talk_title": "Category talk:Pending AfC submissions in userspace", "status": "edited", "sources": "no qid-linked ja/en/simple source", "ts_utc": "2026-03-17T06:30:04Z"}
{"title": "Category:Pending AfC submissions less than 450 bytes long", "talk_title": "Category talk:Pending AfC submissions less than 450 bytes long", "status": "edited", "sources": "no qid-linked ja/en/simple source", "ts_utc": "2026-03-17T06:30:06Z"}
{"title": "Category:Pending AfC submissions without a section", "talk_title": "Category talk:Pending AfC submissions without a section", "status": "edited", "sources": "no qid-linked ja/en/simple source", "ts_utc": "2026-03-17T06:30:09Z"}
{"title": "Category:Pending template and disambiguation AfC submissions", "talk_title": "Category talk:Pending template and disambiguation AfC submissions", "status": "edited", "sources": "no qid-linked ja/en/simple source", "ts_utc": "2026-03-17T06:30:12Z"}
{"title": "Category:Populated places established in the 3rd century BC", "talk_title": "Category talk:Populated places established in the 3rd century BC", "status": "edited", "sources": "no qid-linked ja/en/simple source", "ts_utc": "2026-03-17T06:30:14Z"}
{"title": "Category:Possibly empty categories", "talk_title": "Category talk:Possibly empty categories", "status": "edited", "sources": "no qid-linked ja/en/simple source", "ts_utc": "2026-03-17T06:30:17Z"}
{"title": "Category:Prefectures in France", "talk_title": "Category talk:Prefectures in France", "status": "edited", "sources": "no qid-linked ja/en/simple source", "ts_utc": "2026-03-17T06:30:20Z"}
{"title": "Category:Record production portal", "talk_title": "Category talk:Record production portal", "status": "edited", "sources": "no qid-linked ja/en/simple source", "ts_utc": "2026-03-17T06:30:23Z"}
{"title": "Category:Redirects from subpages", "talk_title": "Category talk:Redirects from subpages", "status": "edited", "sources": "no qid-linked ja/en/simple source", "ts_utc": "2026-03-17T06:30:25Z"}
{"title": "Category:Secondary category triage", "talk_title": "Category talk:Secondary category triage", "status": "edited", "sources": "no qid-linked ja/en/simple source", "ts_utc": "2026-03-17T06:30:28Z"}
{"title": "Category:Somecat", "talk_title": "Category talk:Somecat", "status": "edited", "sources": "no qid-linked ja/en/simple source", "ts_utc": "2026-03-17T06:30:31Z"}
{"title": "Category:Somecat1", "talk_title": "Category talk:Somecat1", "status": "edited", "sources": "no qid-linked ja/en/simple source", "ts_utc": "2026-03-17T06:30:33Z"}
{"title": "Category:Somecat2", "talk_title": "Category talk:Somecat2", "status": "edited", "sources": "no qid-linked ja/en/simple source", "ts_utc": "2026-03-17T06:30:36Z"}
{"title": "Category:Somecat3", "talk_title": "Category talk:Somecat3", "status": "edited", "sources": "no qid-linked ja/en/simple source", "ts_utc": "2026-03-17T06:30:39Z"}
{"title": "Category:South Korea location map modules", "talk_title": "Category talk:South Korea location map modules", "status": "edited", "sources": "no qid-linked ja/en/simple source", "ts_utc": "2026-03-17T06:30:41Z"}
{"title": "Category:Television table cell templates", "talk_title": "Category talk:Television table cell templates", "status": "edited", "sources": "no qid-linked ja/en/simple source", "ts_utc": "2026-03-17T06:30:44Z"}
{"title": "Category:Template Category see also used when Template Category pair probably should be", "talk_title": "Category talk:Template Category see also used when Template Category pair probably should be", "status": "edited", "sources": "no qid-linked ja/en/simple source", "ts_utc": "2026-03-17T06:30:47Z"}
{"title": "Category:Template parameter issues by task", "talk_title": "Category talk:Template parameter issues by task", "status": "edited", "sources": "no qid-linked ja/en/simple source", "ts_utc": "2026-03-17T06:30:50Z"}
{"title": "Category:Templates fixed with noinclude", "talk_title": "Category talk:Templates fixed with noinclude", "status": "edited", "sources": "no qid-linked ja/en/simple source", "ts_utc": "2026-03-17T06:30:52Z"}
{"title": "Category:Templates generating 'species' microformats", "talk_title": "Category talk:Templates generating 'species' microformats", "status": "edited", "sources": "no qid-linked ja/en/simple source", "ts_utc": "2026-03-17T06:30:55Z"}
{"title": "Category:Templates in beta", "talk_title": "Category talk:Templates in beta", "status": "edited", "sources": "no qid-linked ja/en/simple source", "ts_utc": "2026-03-17T06:30:58Z"}
{"title": "Category:Templates with matching hidden id", "talk_title": "Category talk:Templates with matching hidden id", "status": "edited", "sources": "no qid-linked ja/en/simple source", "ts_utc": "2026-03-17T06:31:01Z"}
{"title": "Category:Terms of the Lok Sabha", "talk_title": "Category talk:Terms of the Lok Sabha", "status": "edited", "sources": "no qid-linked ja/en/simple source", "ts_utc": "2026-03-17T06:31:03Z"}
{"title": "Category:Time, date and calendar modules", "talk_title": "Category talk:Time, date and calendar modules", "status": "edited", "sources": "no qid-linked ja/en/simple source", "ts_utc": "2026-03-17T06:31:06Z"}
{"title": "Category:Uncategorized pages", "talk_title": "Category talk:Uncategorized pages", "status": "edited", "sources": "no qid-linked ja/en/simple source", "ts_utc": "2026-03-17T06:31:09Z"}
{"title": "Category:United States presidential candidates by year", "talk_title": "Category talk:United States presidential candidates by year", "status": "edited", "sources": "no qid-linked ja/en/simple source", "ts_utc": "2026-03-17T06:31:11Z"}
{"title": "Category:Unsynchronized disambiguation talk pages", "talk_title": "Category talk:Unsynchronized disambiguation talk pages", "status": "edited", "sources": "no qid-linked ja/en/simple source", "ts_utc": "2026-03-17T06:31:14Z"}
{"title": "Category:Use British English from July 2018", "talk_title": "Category talk:Use British English from July 2018", "status": "edited", "sources": "no qid-linked ja/en/simple source", "ts_utc": "2026-03-17T06:31:17Z"}
{"title": "Category:Wikipedia articles needing factual verification from June 2019", "talk_title": "Category talk:Wikipedia articles needing factual verification from June 2019", "status": "edited", "sources": "no qid-linked ja/en/simple source", "ts_utc": "2026-03-17T06:31:20Z"}
{"title": "Category:Wikipedia articles with obscure country", "talk_title": "Category talk:Wikipedia articles with obscure country", "status": "edited", "sources": "no qid-linked ja/en/simple source", "ts_utc": "2026-03-17T06:31:22Z"}
{"title": "Category:Wikipedians who opt out of message delivery", "talk_title": "Category talk:Wikipedians who opt out of message delivery", "status": "edited", "sources": "no qid-linked ja/en/simple source", "ts_utc": "2026-03-17T06:31:25Z"}
{"title": "Category:X-no-Miya", "talk_title": "Category talk:X-no-Miya", "status": "edited", "sources": "no qid-linked ja/en/simple source", "ts_utc": "2026-03-17T06:31:28Z"}
{"title": "Category:テンプレートを正しく使用していないページ", "talk_title": "Category talk:テンプレートを正しく使用していないページ", "status": "edited", "sources": "no qid-linked ja/en/simple source", "ts_utc": "2026-03-17T06:31:30Z"}
{"title": "Category:菊池氏", "talk_title": "Category talk:菊池氏", "status": "edited", "sources": "no qid-linked ja/en/simple source", "ts_utc": "2026-03-17T06:31:33Z"}
{"title": "Category:諏訪氏", "talk_title": "Category talk:諏訪氏", "status": "edited", "sources": "no qid-linked ja/en/simple source", "ts_utc": "2026-03-17T06:31:36Z"}
{"title": "Category:豊前国の人物", "talk_title": "Category talk:豊前国の人物", "status": "edited", "sources": "no qid-linked ja/en/simple source", "ts_utc": "2026-03-17T06:31:39Z"}
{"title": "Category:豊国の人物", "talk_title": "Category talk:豊国の人物", "status": "edited", "sources": "no qid-linked ja/en/simple source", "ts_utc": "2026-03-17T06:31:42Z"}
{"title": "Category:豊後国の人物", "talk_title": "Category talk:豊後国の人物", "status": "edited", "sources": "no qid-linked ja/en/simple source", "ts_utc": "2026-03-17T06:31:44Z"}
{"title": "Category:越中国の人物", "talk_title": "Category talk:越中国の人物", "status": "edited", "sources": "no qid-linked ja/en/simple source", "ts_utc": "2026-03-17T06:31:47Z"}
{"title": "Category:遠江国", "talk_title": "Category talk:遠江国", "status": "edited", "sources": "no qid-linked ja/en/simple source", "ts_utc": "2026-03-17T06:31:50Z"}
{"title": "Category:郡山市の歴史", "talk_title": "Category talk:郡山市の歴史", "status": "edited", "sources": "no qid-linked ja/en/simple source", "ts_utc": "2026-03-17T06:31:53Z"}
{"title": "Category:金刺氏", "talk_title": "Category talk:金刺氏", "status": "edited", "sources": "no qid-linked ja/en/simple source", "ts_utc": "2026-03-17T06:31:55Z"}
{"title": "Category:長門国の人物", "talk_title": "Category talk:長門国の人物", "status": "edited", "sources": "no qid-linked ja/en/simple source", "ts_utc": "2026-03-17T06:31:58Z"}
{"title": "Category:阿倍氏", "talk_title": "Category talk:阿倍氏", "status": "edited", "sources": "no qid-linked ja/en/simple source", "ts_utc": "2026-03-17T06:32:01Z"}
{"title": "Category:阿波国の人物", "talk_title": "Category talk:阿波国の人物", "status": "edited", "sources": "no qid-linked ja/en/simple source", "ts_utc": "2026-03-17T06:32:03Z"}
{"title": "Category:阿蘇氏", "talk_title": "Category talk:阿蘇氏", "status": "edited", "sources": "no qid-linked ja/en/simple source", "ts_utc": "2026-03-17T06:32:06Z"}
{"title": "Category:頸城氏", "talk_title": "Category talk:頸城氏", "status": "edited", "sources": "no qid-linked ja/en/simple source", "ts_utc": "2026-03-17T06:32:09Z"}
{"title": "Category:額田氏", "talk_title": "Category talk:額田氏", "status": "edited", "sources": "no qid-linked ja/en/simple source", "ts_utc": "2026-03-17T06:32:12Z"}
{"title": "Category:飛騨国", "talk_title": "Category talk:飛騨国", "status": "edited", "sources": "no qid-linked ja/en/simple source", "ts_utc": "2026-03-17T06:32:14Z"}
{"title": "Category:飛鳥時代", "talk_title": "Category talk:飛鳥時代", "status": "edited", "sources": "no qid-linked ja/en/simple source", "ts_utc": "2026-03-17T06:32:17Z"}
{"title": "Category:駿河国の氏族", "talk_title": "Category talk:駿河国の氏族", "status": "edited", "sources": "no qid-linked ja/en/simple source", "ts_utc": "2026-03-17T06:32:20Z"}
{"title": "Module:Check for conflicting parameters", "talk_title": "Module talk:Check for conflicting parameters", "status": "edited", "sources": "no qid-linked ja/en/simple source", "ts_utc": "2026-03-17T06:32:23Z"}
{"title": "Module:Deprecated", "talk_title": "Module talk:Deprecated", "status": "edited", "sources": "no qid-linked ja/en/simple source", "ts_utc": "2026-03-17T06:32:25Z"}
{"title": "Module:Docbunto", "talk_title": "Module talk:Docbunto", "status": "edited", "sources": "no qid-linked ja/en/simple source", "ts_utc": "2026-03-17T06:32:28Z"}
{"title": "Module:Docbunto/i18n", "talk_title": "Module talk:Docbunto/i18n", "status": "edited", "sources": "no qid-linked ja/en/simple source", "ts_utc": "2026-03-17T06:32:31Z"}
{"title": "Module:Docbunto/infobox", "talk_title": "Module talk:Docbunto/infobox", "status": "edited", "sources": "no qid-linked ja/en/simple source", "ts_utc": "2026-03-17T06:32:33Z"}
{"title": "Module:Docbunto/references", "talk_title": "Module talk:Docbunto/references", "status": "edited", "sources": "no qid-linked ja/en/simple source", "ts_utc": "2026-03-17T06:32:36Z"}
{"title": "Module:Entrypoint", "talk_title": "Module talk:Entrypoint", "status": "edited", "sources": "no qid-linked ja/en/simple source", "ts_utc": "2026-03-17T06:32:39Z"}
{"title": "Module:Fallbacklist", "talk_title": "Module talk:Fallbacklist", "status": "edited", "sources": "no qid-linked ja/en/simple source", "ts_utc": "2026-03-17T06:32:42Z"}
{"title": "Module:Ff detect", "talk_title": "Module talk:Ff detect", "status": "edited", "sources": "no qid-linked ja/en/simple source", "ts_utc": "2026-03-17T06:32:44Z"}
{"title": "Module:Ff detect/config", "talk_title": "Module talk:Ff detect/config", "status": "edited", "sources": "no qid-linked ja/en/simple source", "ts_utc": "2026-03-17T06:32:47Z"}
{"title": "Module:Ff detect/data", "talk_title": "Module talk:Ff detect/data", "status": "edited", "sources": "no qid-linked ja/en/simple source", "ts_utc": "2026-03-17T06:32:50Z"}
{"title": "Module:I18n", "talk_title": "Module talk:I18n", "status": "edited", "sources": "no qid-linked ja/en/simple source", "ts_utc": "2026-03-17T06:32:52Z"}
{"title": "Module:Lua lexer", "talk_title": "Module talk:Lua lexer", "status": "edited", "sources": "no qid-linked ja/en/simple source", "ts_utc": "2026-03-17T06:32:55Z"}
{"title": "Module:Person date", "talk_title": "Module talk:Person date", "status": "edited", "sources": "no qid-linked ja/en/simple source", "ts_utc": "2026-03-17T06:32:58Z"}
{"title": "Module:Portal/images/s/sandbox", "talk_title": "Module talk:Portal/images/s/sandbox", "status": "edited", "sources": "no qid-linked ja/en/simple source", "ts_utc": "2026-03-17T06:33:01Z"}
{"title": "Module:Portal/sandbox/styles.css", "talk_title": "Module talk:Portal/sandbox/styles.css", "status": "edited", "sources": "no qid-linked ja/en/simple source", "ts_utc": "2026-03-17T06:33:04Z"}
{"title": "Module:Submit an edit request", "talk_title": "Module talk:Submit an edit request", "status": "edited", "sources": "no qid-linked ja/en/simple source", "ts_utc": "2026-03-17T06:33:06Z"}
{"title": "Module:Submit an edit request/config", "talk_title": "Module talk:Submit an edit request/config", "status": "edited", "sources": "no qid-linked ja/en/simple source", "ts_utc": "2026-03-17T06:33:09Z"}
{"title": "Module:Suppress categories", "talk_title": "Module talk:Suppress categories", "status": "edited", "sources": "no qid-linked ja/en/simple source", "ts_utc": "2026-03-17T06:33:12Z"}
{"title": "Module:Taxobox ranks", "talk_title": "Module talk:Taxobox ranks", "status": "edited", "sources": "no qid-linked ja/en/simple source", "ts_utc": "2026-03-17T06:33:14Z"}
{"title": "Module:Unindent", "talk_title": "Module talk:Unindent", "status": "edited", "sources": "no qid-linked ja/en/simple source", "ts_utc": "2026-03-17T06:33:17Z"}
{"title": "Module:YMD to ISO", "talk_title": "Module talk:YMD to ISO", "status": "edited", "sources": "no qid-linked ja/en/simple source", "ts_utc": "2026-03-17T06:33:20Z"}
{"title": "Ar:هيتاتاره", "talk_title": "Talk:Ar:هيتاتاره", "status": "error_page_access", "error": "'pages'", "ts_utc": "2026-03-17T17:59:27Z"}
{"title": "Da:Hjælp:Henvisninger til andre sprog", "talk_title": "Talk:Da:Hjælp:Henvisninger til andre sprog", "status": "error_page_access", "error": "'pages'", "ts_utc": "2026-03-17T17:59:28Z"}
{"title": "Da:Tårn", "talk_title": "Talk:Da:Tårn", "status": "error_page_access", "error": "'pages'", "ts_utc": "2026-03-17T17:59:28Z"}
{"title": "La:Categoria:Camerae", "talk_title": "Talk:La:Categoria:Camerae", "status": "error_page_access", "error": "'pages'", "ts_utc": "2026-03-17T17:59:29Z"}
{"title": "Project:WikiProject Military history/Military navigation", "talk_title": "Project talk:WikiProject Military history/Military navigation", "status": "edited", "sources": "no qid-linked ja/en/simple source", "ts_utc": "2026-03-17T17:59:33Z"}
{"title": "Template:Grand Armee Corps", "talk_title": "Template talk:Grand Armee Corps", "status": "edited", "sources": "no qid-linked ja/en/simple source", "ts_utc": "2026-03-17T17:59:37Z"}
{"title": "Module:Params/doc/examples/Oxford comma/doc", "talk_title": "Module talk:Params/doc/examples/Oxford comma/doc", "status": "edited", "sources": "no qid-linked ja/en/simple source", "ts_utc": "2026-03-17T17:59:43Z"}
{"title": "Module:Params/doc/examples/check for unknown parameters/doc", "talk_title": "Module talk:Params/doc/examples/check for unknown parameters/doc", "status": "edited", "sources": "no qid-linked ja/en/simple source", "ts_utc": "2026-03-17T17:59:45Z"}
{"title": "Module:Params/doc/examples/list of authors/author", "talk_title": "Module talk:Params/doc/examples/list of authors/author", "status": "edited", "sources": "no qid-linked ja/en/simple source", "ts_utc": "2026-03-17T17:59:48Z"}
{"title": "Module:Params/doc/examples/list of authors/doc", "talk_title": "Module talk:Params/doc/examples/list of authors/doc", "status": "edited", "sources": "no qid-linked ja/en/simple source", "ts_utc": "2026-03-17T17:59:51Z"}
{"title": "Module:Params/doc/link to the code/doc", "talk_title": "Module talk:Params/doc/link to the code/doc", "status": "edited", "sources": "no qid-linked ja/en/simple source", "ts_utc": "2026-03-17T17:59:54Z"}
{"title": "Ar:هيتاتاره", "talk_title": "Talk:Ar:هيتاتاره", "status": "error_page_access", "error": "'pages'", "ts_utc": "2026-03-20T20:03:54Z"}
{"title": "Da:Hjælp:Henvisninger til andre sprog", "talk_title": "Talk:Da:Hjælp:Henvisninger til andre sprog", "status": "error_page_access", "error": "'pages'", "ts_utc": "2026-03-20T20:03:54Z"}
{"title": "Da:Tårn", "talk_title": "Talk:Da:Tårn", "status": "error_page_access", "error": "'pages'", "ts_utc": "2026-03-20T20:03:55Z"}
{"title": "La:Categoria:Camerae", "talk_title": "Talk:La:Categoria:Camerae", "status": "error_page_access", "error": "'pages'", "ts_utc": "2026-03-20T20:03:56Z"}
{"title": "National High School Archery Tournament Girls' Champions", "talk_title": "Talk:National High School Archery Tournament Girls' Champions", "status": "edited", "sources": "no qid-linked ja/en/simple source", "ts_utc": "2026-03-20T20:03:57Z"}
{"title": "Tokyo University's Historical Precursors", "talk_title": "Talk:Tokyo University's Historical Precursors", "status": "edited", "sources": "no qid-linked ja/en/simple source", "ts_utc": "2026-03-20T20:04:02Z"}
{"title": "Tokyo University's Sources and Predecessors", "talk_title": "Talk:Tokyo University's Sources and Predecessors", "status": "edited", "sources": "no qid-linked ja/en/simple source", "ts_utc": "2026-03-20T20:04:05Z"}
{"title": "Template:Template link no redirect", "talk_title": "Template talk:Template link no redirect", "status": "edited", "sources": "no qid-linked ja/en/simple source", "ts_utc": "2026-03-20T20:04:09Z"}
{"title": "Template:Tl-r", "status": "skipped_redirect", "ts_utc": "2026-03-20T20:04:11Z"}
{"title": "Template:UNESCO WHS type", "talk_title": "Template talk:UNESCO WHS type", "status": "edited", "sources": "no qid-linked ja/en/simple source", "ts_utc": "2026-03-20T20:04:12Z"}
{"title": "Category:Articles lacking in-text citations from October 2019", "talk_title": "Category talk:Articles lacking in-text citations from October 2019", "status": "edited", "sources": "no qid-linked ja/en/simple source", "ts_utc": "2026-03-20T20:04:15Z"}
{"title": "Category:Articles with missing Cite arXiv inputs", "talk_title": "Category talk:Articles with missing Cite arXiv inputs", "status": "edited", "sources": "no qid-linked ja/en/simple source", "ts_utc": "2026-03-20T20:04:18Z"}
{"title": "Category:Commons category link is on Wikidata", "talk_title": "Category talk:Commons category link is on Wikidata", "status": "edited", "sources": "no qid-linked ja/en/simple source", "ts_utc": "2026-03-20T20:04:21Z"}
{"title": "Category:France military templates", "talk_title": "Category talk:France military templates", "status": "edited", "sources": "no qid-linked ja/en/simple source", "ts_utc": "2026-03-20T20:04:24Z"}
{"title": "Category:Navigational box wrapper templates", "talk_title": "Category talk:Navigational box wrapper templates", "status": "edited", "sources": "no qid-linked ja/en/simple source", "ts_utc": "2026-03-20T20:04:27Z"}
{"title": "Category:No local image but image on Wikidata", "talk_title": "Category talk:No local image but image on Wikidata", "status": "edited", "sources": "no qid-linked ja/en/simple source", "ts_utc": "2026-03-20T20:04:30Z"}
{"title": "Category:Pages using deprecated citation archive parameters", "talk_title": "Category talk:Pages using deprecated citation archive parameters", "status": "edited", "sources": "no qid-linked ja/en/simple source", "ts_utc": "2026-03-20T20:04:32Z"}
{"title": "Category:Pages with untranslated japanese content", "talk_title": "Category talk:Pages with untranslated japanese content", "status": "edited", "sources": "no qid-linked ja/en/simple source", "ts_utc": "2026-03-20T20:04:35Z"}
{"title": "Category:Referencesテンプレートの呼び出しエラーがある記事", "talk_title": "Category talk:Referencesテンプレートの呼び出しエラーがある記事", "status": "edited", "sources": "no qid-linked ja/en/simple source", "ts_utc": "2026-03-20T20:04:38Z"}
{"title": "Category:Unclassified articles missing geocoordinate data", "talk_title": "Category talk:Unclassified articles missing geocoordinate data", "status": "edited", "sources": "no qid-linked ja/en/simple source", "ts_utc": "2026-03-20T20:04:41Z"}
{"title": "Category:Working category 84userBot", "talk_title": "Category talk:Working category 84userBot", "status": "edited", "sources": "no qid-linked ja/en/simple source", "ts_utc": "2026-03-20T20:04:43Z"}
{"title": "Module:Protection banner/documentation", "talk_title": "Module talk:Protection banner/documentation", "status": "edited", "sources": "no qid-linked ja/en/simple source", "ts_utc": "2026-03-20T20:04:47Z"}
{"title": "Module:Protection banner/documentation/config", "talk_title": "Module talk:Protection banner/documentation/config", "status": "edited", "sources": "no qid-linked ja/en/simple source", "ts_utc": "2026-03-20T20:04:49Z"}
